# JRE version: Java(TM) SE Runtime Environment (8.0_121-b13) (build 1.8.0_121-b13)
# Java VM: Java HotSpot(TM) 64-Bit Server VM (25.121-b13 mixed mode windows-amd64 compressed oops)
Heap:
 PSYoungGen      total 175616K, used 33160K [0x00000000d5580000, 0x00000000e3b80000, 0x0000000100000000)
  eden space 159232K, 20% used [0x00000000d5580000,0x00000000d75e2148,0x00000000df100000)
  from space 16384K, 0% used [0x00000000df100000,0x00000000df100000,0x00000000e0100000)
  to   space 16384K, 0% used [0x00000000e0100000,0x00000000e0100000,0x00000000e1100000)
 ParOldGen       total 61440K, used 33620K [0x0000000080000000, 0x0000000083c00000, 0x00000000d5580000)
  object space 61440K, 54% used [0x0000000080000000,0x00000000820d51b8,0x0000000083c00000)
 Metaspace       used 49598K, capacity 51978K, committed 52096K, reserved 1097728K
  class space    used 7008K, capacity 7444K, committed 7552K, reserved 1048576K
GC Heap History (10 events):
Event: 2.760 GC heap before
{Heap before GC invocations=6 (full 1):
 PSYoungGen      total 107520K, used 107149K [0x00000000d5580000, 0x00000000de080000, 0x0000000100000000)
  eden space 103424K, 99% used [0x00000000d5580000,0x00000000dba78870,0x00000000dba80000)
  from space 4096K, 91% used [0x00000000ddc80000,0x00000000de02ac08,0x00000000de080000)
  to   space 5120K, 0% used [0x00000000dd680000,0x00000000dd680000,0x00000000ddb80000)
 ParOldGen       total 61440K, used 9446K [0x0000000080000000, 0x0000000083c00000, 0x00000000d5580000)
  object space 61440K, 15% used [0x0000000080000000,0x0000000080939ad0,0x0000000083c00000)
 Metaspace       used 29220K, capacity 30662K, committed 30976K, reserved 1075200K
  class space    used 4023K, capacity 4320K, committed 4352K, reserved 1048576K
Event: 2.788 GC heap after
Heap after GC invocations=6 (full 1):
 PSYoungGen      total 137216K, used 5104K [0x00000000d5580000, 0x00000000e1100000, 0x0000000100000000)
  eden space 132096K, 0% used [0x00000000d5580000,0x00000000d5580000,0x00000000dd680000)
  from space 5120K, 99% used [0x00000000dd680000,0x00000000ddb7c358,0x00000000ddb80000)
  to   space 16384K, 0% used [0x00000000e0100000,0x00000000e0100000,0x00000000e1100000)
 ParOldGen       total 61440K, used 20330K [0x0000000080000000, 0x0000000083c00000, 0x00000000d5580000)
  object space 61440K, 33% used [0x0000000080000000,0x00000000813da8f8,0x0000000083c00000)
 Metaspace       used 29220K, capacity 30662K, committed 30976K, reserved 1075200K
  class space    used 4023K, capacity 4320K, committed 4352K, reserved 1048576K
}
Event: 3.242 GC heap before
{Heap before GC invocations=7 (full 1):
 PSYoungGen      total 137216K, used 57083K [0x00000000d5580000, 0x00000000e1100000, 0x0000000100000000)
  eden space 132096K, 39% used [0x00000000d5580000,0x00000000d8842c40,0x00000000dd680000)
  from space 5120K, 99% used [0x00000000dd680000,0x00000000ddb7c358,0x00000000ddb80000)
  to   space 16384K, 0% used [0x00000000e0100000,0x00000000e0100000,0x00000000e1100000)
 ParOldGen       total 61440K, used 20330K [0x0000000080000000, 0x0000000083c00000, 0x00000000d5580000)
  object space 61440K, 33% used [0x0000000080000000,0x00000000813da8f8,0x0000000083c00000)
 Metaspace       used 33727K, capacity 35276K, committed 35416K, reserved 1079296K
  class space    used 4466K, capacity 4787K, committed 4864K, reserved 1048576K
Event: 3.256 GC heap after
Heap after GC invocations=7 (full 1):
 PSYoungGen      total 175616K, used 10219K [0x00000000d5580000, 0x00000000e3b80000, 0x0000000100000000)
  eden space 159232K, 0% used [0x00000000d5580000,0x00000000d5580000,0x00000000df100000)
  from space 16384K, 62% used [0x00000000e0100000,0x00000000e0afae28,0x00000000e1100000)
  to   space 16384K, 0% used [0x00000000df100000,0x00000000df100000,0x00000000e0100000)
 ParOldGen       total 61440K, used 20338K [0x0000000080000000, 0x0000000083c00000, 0x00000000d5580000)
  object space 61440K, 33% used [0x0000000080000000,0x00000000813dc8f8,0x0000000083c00000)
 Metaspace       used 33727K, capacity 35276K, committed 35416K, reserved 1079296K
  class space    used 4466K, capacity 4787K, committed 4864K, reserved 1048576K
}
Event: 3.256 GC heap before
{Heap before GC invocations=8 (full 2):
 PSYoungGen      total 175616K, used 10219K [0x00000000d5580000, 0x00000000e3b80000, 0x0000000100000000)
  eden space 159232K, 0% used [0x00000000d5580000,0x00000000d5580000,0x00000000df100000)
  from space 16384K, 62% used [0x00000000e0100000,0x00000000e0afae28,0x00000000e1100000)
  to   space 16384K, 0% used [0x00000000df100000,0x00000000df100000,0x00000000e0100000)
 ParOldGen       total 61440K, used 20338K [0x0000000080000000, 0x0000000083c00000, 0x00000000d5580000)
  object space 61440K, 33% used [0x0000000080000000,0x00000000813dc8f8,0x0000000083c00000)
 Metaspace       used 33727K, capacity 35276K, committed 35416K, reserved 1079296K
  class space    used 4466K, capacity 4787K, committed 4864K, reserved 1048576K
Event: 3.354 GC heap after
Heap after GC invocations=8 (full 2):
 PSYoungGen      total 175616K, used 0K [0x00000000d5580000, 0x00000000e3b80000, 0x0000000100000000)
  eden space 159232K, 0% used [0x00000000d5580000,0x00000000d5580000,0x00000000df100000)
  from space 16384K, 0% used [0x00000000e0100000,0x00000000e0100000,0x00000000e1100000)
  to   space 16384K, 0% used [0x00000000df100000,0x00000000df100000,0x00000000e0100000)
 ParOldGen       total 61440K, used 19830K [0x0000000080000000, 0x0000000083c00000, 0x00000000d5580000)
  object space 61440K, 32% used [0x0000000080000000,0x000000008135dae8,0x0000000083c00000)
 Metaspace       used 33727K, capacity 35276K, committed 35416K, reserved 1079296K
  class space    used 4466K, capacity 4787K, committed 4864K, reserved 1048576K
}
Event: 5.502 GC heap before
{Heap before GC invocations=9 (full 2):
 PSYoungGen      total 175616K, used 122062K [0x00000000d5580000, 0x00000000e3b80000, 0x0000000100000000)
  eden space 159232K, 76% used [0x00000000d5580000,0x00000000dccb3a30,0x00000000df100000)
  from space 16384K, 0% used [0x00000000e0100000,0x00000000e0100000,0x00000000e1100000)
  to   space 16384K, 0% used [0x00000000df100000,0x00000000df100000,0x00000000e0100000)
 ParOldGen       total 61440K, used 19830K [0x0000000080000000, 0x0000000083c00000, 0x00000000d5580000)
  object space 61440K, 32% used [0x0000000080000000,0x000000008135dae8,0x0000000083c00000)
 Metaspace       used 48567K, capacity 50728K, committed 50816K, reserved 1101824K
  class space    used 6830K, capacity 7259K, committed 7296K, reserved 1048576K
Event: 5.525 GC heap after
Heap after GC invocations=9 (full 2):
 PSYoungGen      total 175616K, used 16367K [0x00000000d5580000, 0x00000000e3b80000, 0x0000000100000000)
  eden space 159232K, 0% used [0x00000000d5580000,0x00000000d5580000,0x00000000df100000)
  from space 16384K, 99% used [0x00000000df100000,0x00000000e00fbe68,0x00000000e0100000)
  to   space 16384K, 0% used [0x00000000e0100000,0x00000000e0100000,0x00000000e1100000)
 ParOldGen       total 61440K, used 21436K [0x0000000080000000, 0x0000000083c00000, 0x00000000d5580000)
  object space 61440K, 34% used [0x0000000080000000,0x00000000814ef208,0x0000000083c00000)
 Metaspace       used 48567K, capacity 50728K, committed 50816K, reserved 1101824K
  class space    used 6830K, capacity 7259K, committed 7296K, reserved 1048576K
}
Event: 5.525 GC heap before
{Heap before GC invocations=10 (full 3):
 PSYoungGen      total 175616K, used 16367K [0x00000000d5580000, 0x00000000e3b80000, 0x0000000100000000)
  eden space 159232K, 0% used [0x00000000d5580000,0x00000000d5580000,0x00000000df100000)
  from space 16384K, 99% used [0x00000000df100000,0x00000000e00fbe68,0x00000000e0100000)
  to   space 16384K, 0% used [0x00000000e0100000,0x00000000e0100000,0x00000000e1100000)
 ParOldGen       total 61440K, used 21436K [0x0000000080000000, 0x0000000083c00000, 0x00000000d5580000)
  object space 61440K, 34% used [0x0000000080000000,0x00000000814ef208,0x0000000083c00000)
 Metaspace       used 48567K, capacity 50728K, committed 50816K, reserved 1101824K
  class space    used 6830K, capacity 7259K, committed 7296K, reserved 1048576K
Event: 5.697 GC heap after
Heap after GC invocations=10 (full 3):
 PSYoungGen      total 175616K, used 0K [0x00000000d5580000, 0x00000000e3b80000, 0x0000000100000000)
  eden space 159232K, 0% used [0x00000000d5580000,0x00000000d5580000,0x00000000df100000)
  from space 16384K, 0% used [0x00000000df100000,0x00000000df100000,0x00000000e0100000)
  to   space 16384K, 0% used [0x00000000e0100000,0x00000000e0100000,0x00000000e1100000)
 ParOldGen       total 61440K, used 33620K [0x0000000080000000, 0x0000000083c00000, 0x00000000d5580000)
  object space 61440K, 54% used [0x0000000080000000,0x00000000820d51b8,0x0000000083c00000)
 Metaspace       used 48567K, capacity 50728K, committed 50816K, reserved 1097728K
  class space    used 6830K, capacity 7259K, committed 7296K, reserved 1048576K
}

